#
# A fatal error has been detected by the Java Runtime Environment:
#
#  EXCEPTION_ACCESS_VIOLATION (0xc0000005) at pc=0x00000000717d6ed8, pid=63780, tid=0x000000000001278c
#
# JRE version: Java(TM) SE Runtime Environment (8.0_171-b11) (build 1.8.0_171-b11)
# Java VM: Java HotSpot(TM) 64-Bit Server VM (25.171-b11 mixed mode windows-amd64 compressed oops)
# Problematic frame:
# V  [jvm.dll+0xf6ed8]
#
# Failed to write core dump. Minidumps are not enabled by default on client versions of Windows
#
# If you would like to submit a bug report, please visit:
#   http://bugreport.java.com/bugreport/crash.jsp
#

---------------  T H R E A D  ---------------

Current thread (0x0000000008a07800):  VMThread [stack: 0x000000001a4d0000,0x000000001a5d0000] [id=75660]

siginfo: ExceptionCode=0xc0000005, reading address 0x000000002244e4b0

Registers:
RAX=0x00000000001fffe0, RBX=0x000000000000ffff, RCX=0x000000002224d308, RDX=0x000000002224e4c0
RSP=0x000000001a5cf460, RBP=0x000000001a5cf590, RSI=0x000000000000ffff, RDI=0x000000002224d308
R8 =0x0000000008964aa0, R9 =0x0000000000000003, R10=0x0000000000000003, R11=0x000000002224d940
R12=0x000000001a5cf620, R13=0x000000001a5cf610, R14=0x0000000000000000, R15=0x0000000000000008
RIP=0x00000000717d6ed8, EFLAGS=0x0000000000010202

Top of Stack: (sp=0x000000001a5cf460)
0x000000001a5cf460:   00000000000000b2 000000001a5cf590
0x000000001a5cf470:   00000000000000b2 00000000718fe112
0x000000001a5cf480:   0000000000000001 00000000718b5050
0x000000001a5cf490:   00000000000000b2 00000000000000b2
0x000000001a5cf4a0:   0000000002dc3260 00000000718f7b75
0x000000001a5cf4b0:   0000000002dc3260 000000001ddf3dd0
0x000000001a5cf4c0:   000000000adb8838 000000000adb7bfa
0x000000001a5cf4d0:   0000000000000000 00000000719df42e
0x000000001a5cf4e0:   000000000adb8837 000000000000000a
0x000000001a5cf4f0:   000000000a526190 0000000000010000
0x000000001a5cf500:   000000001ddf4720 0000000071770fb0
0x000000001a5cf510:   0000066ae29f1924 00000000719df42e
0x000000001a5cf520:   0000000000020338 000000001ddf4720
0x000000001a5cf530:   000000000a5261a0 00000000717716b4
0x000000001a5cf540:   000000000adb696d 000000007177f1de
0x000000001a5cf550:   0000066ae29f18e4 0000000000000002 

Instructions: (pc=0x00000000717d6ed8)
0x00000000717d6eb8:   00 ba d9 01 00 00 e8 6d f3 17 00 e8 98 ff 19 00
0x00000000717d6ec8:   48 8b 57 10 48 85 d2 74 0f 48 8b c3 48 c1 e0 05
0x00000000717d6ed8:   48 8b 44 10 10 0f b7 d8 48 63 c3 0f b7 44 c7 50
0x00000000717d6ee8:   48 8b 44 c7 50 48 89 44 24 30 f6 d0 48 8b 4c 24 


Register to memory mapping:

RAX=0x00000000001fffe0 is an unknown value
RBX=0x000000000000ffff is an unknown value
RCX=0x000000002224d308 is pointing into metadata
RDX=0x000000002224e4c0 is pointing into metadata
RSP=0x000000001a5cf460 is an unknown value
RBP=0x000000001a5cf590 is an unknown value
RSI=0x000000000000ffff is an unknown value
RDI=0x000000002224d308 is pointing into metadata
R8 =0x0000000008964aa0 is an unknown value
R9 =0x0000000000000003 is an unknown value
R10=0x0000000000000003 is an unknown value
R11=0x000000002224d940 is pointing into metadata
R12=0x000000001a5cf620 is an unknown value
R13=0x000000001a5cf610 is an unknown value
R14=0x0000000000000000 is an unknown value
R15=0x0000000000000008 is an unknown value


Stack: [0x000000001a4d0000,0x000000001a5d0000],  sp=0x000000001a5cf460,  free space=1021k
Native frames: (J=compiled Java code, j=interpreted, Vv=VM code, C=native code)
V  [jvm.dll+0xf6ed8]
V  [jvm.dll+0x1d5050]
V  [jvm.dll+0x1d5fa2]
V  [jvm.dll+0x1c3726]
V  [jvm.dll+0x1c8af9]
V  [jvm.dll+0x1c906b]
V  [jvm.dll+0x24c9b7]
V  [jvm.dll+0x24bc56]
V  [jvm.dll+0x24c0f1]
V  [jvm.dll+0x24c30e]
V  [jvm.dll+0x29d40a]
C  [msvcr100.dll+0x21d9f]
C  [msvcr100.dll+0x21e3b]
C  [KERNEL32.DLL+0x137e4]
C  [ntdll.dll+0x6cb81]

VM_Operation (0x000000001afff510): RedefineClasses, mode: safepoint, requested by thread 0x0000000008a58000, redefining class com.hcl.summit.login.controller.LoginController



---------------  P R O C E S S  ---------------

Java Threads: ( => current thread )
  0x0000000020055800 JavaThread "DestroyJavaVM" [_thread_blocked, id=72196, stack(0x0000000002cc0000,0x0000000002dc0000)]
  0x000000002005c800 JavaThread "http-nio-9102-AsyncTimeout" daemon [_thread_blocked, id=77100, stack(0x0000000021de0000,0x0000000021ee0000)]
  0x0000000020054000 JavaThread "http-nio-9102-Acceptor-0" daemon [_thread_in_native, id=76972, stack(0x0000000021ce0000,0x0000000021de0000)]
  0x000000002005b000 JavaThread "http-nio-9102-ClientPoller-1" daemon [_thread_in_native, id=76944, stack(0x0000000021be0000,0x0000000021ce0000)]
  0x0000000020058800 JavaThread "http-nio-9102-ClientPoller-0" daemon [_thread_in_native, id=77348, stack(0x0000000021ae0000,0x0000000021be0000)]
  0x0000000020055000 JavaThread "http-nio-9102-exec-10" daemon [_thread_blocked, id=77372, stack(0x00000000219e0000,0x0000000021ae0000)]
  0x0000000020058000 JavaThread "http-nio-9102-exec-9" daemon [_thread_blocked, id=74600, stack(0x00000000218e0000,0x00000000219e0000)]
  0x000000001d0d5800 JavaThread "http-nio-9102-exec-8" daemon [_thread_blocked, id=74364, stack(0x00000000217e0000,0x00000000218e0000)]
  0x000000001d0d4800 JavaThread "http-nio-9102-exec-7" daemon [_thread_blocked, id=77172, stack(0x00000000216e0000,0x00000000217e0000)]
  0x000000001d0d4000 JavaThread "http-nio-9102-exec-6" daemon [_thread_blocked, id=76508, stack(0x00000000215e0000,0x00000000216e0000)]
  0x000000001d0d3000 JavaThread "http-nio-9102-exec-5" daemon [_thread_blocked, id=74104, stack(0x00000000214e0000,0x00000000215e0000)]
  0x000000001d0d6000 JavaThread "http-nio-9102-exec-4" daemon [_thread_blocked, id=76720, stack(0x00000000213e0000,0x00000000214e0000)]
  0x000000001d0d1000 JavaThread "http-nio-9102-exec-3" daemon [_thread_blocked, id=77040, stack(0x00000000212e0000,0x00000000213e0000)]
  0x000000001d0d1800 JavaThread "http-nio-9102-exec-2" daemon [_thread_blocked, id=76952, stack(0x00000000211e0000,0x00000000212e0000)]
  0x000000001d0d2800 JavaThread "http-nio-9102-exec-1" daemon [_thread_blocked, id=77324, stack(0x00000000210e0000,0x00000000211e0000)]
  0x000000001d0d7000 JavaThread "NioBlockingSelector.BlockPoller-1" daemon [_thread_in_native, id=77328, stack(0x0000000020fe0000,0x00000000210e0000)]
  0x000000001d0d0000 JavaThread "HikariPool-1 connection adder" daemon [_thread_blocked, id=75864, stack(0x000000001f810000,0x000000001f910000)]
  0x000000001d495800 JavaThread "HikariPool-1 housekeeper" daemon [_thread_blocked, id=75860, stack(0x000000001f710000,0x000000001f810000)]
  0x000000001bbcd000 JavaThread "PostgreSQL-JDBC-SharedTimer-1" daemon [_thread_blocked, id=75848, stack(0x000000001f610000,0x000000001f710000)]
  0x000000001d0f2800 JavaThread "container-0" [_thread_blocked, id=27044, stack(0x000000001ed10000,0x000000001ee10000)]
  0x000000001d0f1800 JavaThread "ContainerBackgroundProcessor[StandardEngine[Tomcat]]" daemon [_thread_blocked, id=53480, stack(0x000000001ec10000,0x000000001ed10000)]
  0x000000001bbf9000 JavaThread "RMI TCP Accept-0" daemon [_thread_in_native, id=72508, stack(0x000000001c400000,0x000000001c500000)]
  0x000000001bbf8000 JavaThread "RMI TCP Accept-51953" daemon [_thread_in_native, id=73196, stack(0x000000001c300000,0x000000001c400000)]
  0x000000001bbe0000 JavaThread "RMI TCP Accept-0" daemon [_thread_in_native, id=73184, stack(0x000000001c200000,0x000000001c300000)]
  0x000000001b34f000 JavaThread "Service Thread" daemon [_thread_blocked, id=65308, stack(0x000000001b900000,0x000000001ba00000)]
  0x000000001b328800 JavaThread "C1 CompilerThread2" daemon [_thread_blocked, id=75312, stack(0x000000001b800000,0x000000001b900000)]
  0x0000000008a92000 JavaThread "C2 CompilerThread1" daemon [_thread_blocked, id=71992, stack(0x000000001b700000,0x000000001b800000)]
  0x0000000008a6d000 JavaThread "C2 CompilerThread0" daemon [_thread_blocked, id=70536, stack(0x000000001b200000,0x000000001b300000)]
  0x0000000008a5d800 JavaThread "JDWP Command Reader" daemon [_thread_in_native, id=73980, stack(0x000000001b100000,0x000000001b200000)]
  0x0000000008a5a800 JavaThread "JDWP Event Helper Thread" daemon [_thread_blocked, id=68044, stack(0x000000001b000000,0x000000001b100000)]
  0x0000000008a58000 JavaThread "JDWP Transport Listener: dt_socket" daemon [_thread_blocked, id=72028, stack(0x000000001af00000,0x000000001b000000)]
  0x0000000008a45000 JavaThread "Attach Listener" daemon [_thread_blocked, id=71832, stack(0x000000001a9c0000,0x000000001aac0000)]
  0x0000000008a41800 JavaThread "Signal Dispatcher" daemon [_thread_blocked, id=71504, stack(0x000000001a8c0000,0x000000001a9c0000)]
  0x0000000008a2e800 JavaThread "Finalizer" daemon [_thread_blocked, id=48440, stack(0x000000001a6d0000,0x000000001a7d0000)]
  0x0000000002eb6000 JavaThread "Reference Handler" daemon [_thread_blocked, id=73232, stack(0x000000001a5d0000,0x000000001a6d0000)]

Other Threads:
=>0x0000000008a07800 VMThread [stack: 0x000000001a4d0000,0x000000001a5d0000] [id=75660]
  0x000000001bbfb800 WatcherThread [stack: 0x000000001c500000,0x000000001c600000] [id=67276]

VM state:at safepoint (normal execution)

VM Mutex/Monitor currently owned by a thread:  ([mutex/lock_event])
[0x0000000002dc28e0] Threads_lock - owner thread: 0x0000000008a07800

Heap:
 PSYoungGen      total 219648K, used 147249K [0x00000000d5e00000, 0x00000000e5700000, 0x0000000100000000)
  eden space 205312K, 64% used [0x00000000d5e00000,0x00000000de008f20,0x00000000e2680000)
  from space 14336K, 98% used [0x00000000e4900000,0x00000000e56c37b8,0x00000000e5700000)
  to   space 17920K, 0% used [0x00000000e3400000,0x00000000e3400000,0x00000000e4580000)
 ParOldGen       total 78336K, used 23079K [0x0000000081a00000, 0x0000000086680000, 0x00000000d5e00000)
  object space 78336K, 29% used [0x0000000081a00000,0x0000000083089c38,0x0000000086680000)
 Metaspace       used 51685K, capacity 54022K, committed 54144K, reserved 1095680K
  class space    used 7047K, capacity 7478K, committed 7552K, reserved 1048576K

Card table byte_map: [0x0000000003290000,0x0000000003690000] byte_map_base: 0x0000000002e83000

Marking Bits: (ParMarkBitMap*) 0x0000000071f008c0
 Begin Bits: [0x0000000003d40000, 0x0000000005cd8000)
 End Bits:   [0x0000000005cd8000, 0x0000000007c70000)

Polling page: 0x0000000002b90000

CodeCache: size=245760Kb used=9049Kb max_used=9049Kb free=236710Kb
 bounds [0x000000000a4e0000, 0x000000000adc0000, 0x00000000194e0000]
 total_blobs=4874 nmethods=4337 adapters=457
 compilation: enabled

Compilation events (10 events):
Event: 908.418 Thread 0x000000001b328800 4427       1       java.util.TreeMap::keyIterator (13 bytes)
Event: 908.418 Thread 0x000000001b328800 nmethod 4427 0x000000000adb6cd0 code [0x000000000adb6e20, 0x000000000adb7010]
Event: 908.418 Thread 0x000000001b328800 4428       1       java.util.TreeMap$KeyIterator::<init> (12 bytes)
Event: 908.419 Thread 0x000000001b328800 nmethod 4428 0x000000000adb7150 code [0x000000000adb72a0, 0x000000000adb7410]
Event: 913.926 Thread 0x000000001b328800 4429       1       java.nio.charset.CharsetEncoder::charset (5 bytes)
Event: 913.926 Thread 0x000000001b328800 nmethod 4429 0x000000000adb74d0 code [0x000000000adb7620, 0x000000000adb7730]
Event: 935.440 Thread 0x000000001b328800 4430       1       java.io.FileDescriptor::<init> (17 bytes)
Event: 935.440 Thread 0x000000001b328800 nmethod 4430 0x000000000adb7790 code [0x000000000adb78e0, 0x000000000adb7a10]
Event: 936.334 Thread 0x000000001b328800 4431       1       org.postgresql.core.Parser::parseSql (506 bytes)
Event: 936.335 Thread 0x000000001b328800 nmethod 4431 0x000000000adb7a90 code [0x000000000adb7d40, 0x000000000adb8bb8]

GC Heap History (10 events):
Event: 5.330 GC heap before
{Heap before GC invocations=6 (full 1):
 PSYoungGen      total 71680K, used 66560K [0x00000000d5e00000, 0x00000000da900000, 0x0000000100000000)
  eden space 66560K, 100% used [0x00000000d5e00000,0x00000000d9f00000,0x00000000d9f00000)
  from space 5120K, 0% used [0x00000000da400000,0x00000000da400000,0x00000000da900000)
  to   space 5120K, 0% used [0x00000000d9f00000,0x00000000d9f00000,0x00000000da400000)
 ParOldGen       total 46080K, used 4937K [0x0000000081a00000, 0x0000000084700000, 0x00000000d5e00000)
  object space 46080K, 10% used [0x0000000081a00000,0x0000000081ed25c8,0x0000000084700000)
 Metaspace       used 22015K, capacity 22714K, committed 22912K, reserved 1069056K
  class space    used 2918K, capacity 3088K, committed 3200K, reserved 1048576K
Event: 5.337 GC heap after
Heap after GC invocations=6 (full 1):
 PSYoungGen      total 71680K, used 4394K [0x00000000d5e00000, 0x00000000dea80000, 0x0000000100000000)
  eden space 66560K, 0% used [0x00000000d5e00000,0x00000000d5e00000,0x00000000d9f00000)
  from space 5120K, 85% used [0x00000000d9f00000,0x00000000da34a850,0x00000000da400000)
  to   space 9216K, 0% used [0x00000000de180000,0x00000000de180000,0x00000000dea80000)
 ParOldGen       total 46080K, used 4945K [0x0000000081a00000, 0x0000000084700000, 0x00000000d5e00000)
  object space 46080K, 10% used [0x0000000081a00000,0x0000000081ed45c8,0x0000000084700000)
 Metaspace       used 22015K, capacity 22714K, committed 22912K, reserved 1069056K
  class space    used 2918K, capacity 3088K, committed 3200K, reserved 1048576K
}
Event: 6.808 GC heap before
{Heap before GC invocations=7 (full 1):
 PSYoungGen      total 71680K, used 70954K [0x00000000d5e00000, 0x00000000dea80000, 0x0000000100000000)
  eden space 66560K, 100% used [0x00000000d5e00000,0x00000000d9f00000,0x00000000d9f00000)
  from space 5120K, 85% used [0x00000000d9f00000,0x00000000da34a850,0x00000000da400000)
  to   space 9216K, 0% used [0x00000000de180000,0x00000000de180000,0x00000000dea80000)
 ParOldGen       total 46080K, used 4945K [0x0000000081a00000, 0x0000000084700000, 0x00000000d5e00000)
  object space 46080K, 10% used [0x0000000081a00000,0x0000000081ed45c8,0x0000000084700000)
 Metaspace       used 25935K, capacity 26886K, committed 27136K, reserved 1073152K
  class space    used 3500K, capacity 3728K, committed 3840K, reserved 1048576K
Event: 6.819 GC heap after
Heap after GC invocations=7 (full 1):
 PSYoungGen      total 132608K, used 8666K [0x00000000d5e00000, 0x00000000dea80000, 0x0000000100000000)
  eden space 123392K, 0% used [0x00000000d5e00000,0x00000000d5e00000,0x00000000dd680000)
  from space 9216K, 94% used [0x00000000de180000,0x00000000de9f6918,0x00000000dea80000)
  to   space 10240K, 0% used [0x00000000dd680000,0x00000000dd680000,0x00000000de080000)
 ParOldGen       total 46080K, used 4953K [0x0000000081a00000, 0x0000000084700000, 0x00000000d5e00000)
  object space 46080K, 10% used [0x0000000081a00000,0x0000000081ed65c8,0x0000000084700000)
 Metaspace       used 25935K, capacity 26886K, committed 27136K, reserved 1073152K
  class space    used 3500K, capacity 3728K, committed 3840K, reserved 1048576K
}
Event: 11.387 GC heap before
{Heap before GC invocations=8 (full 1):
 PSYoungGen      total 132608K, used 131955K [0x00000000d5e00000, 0x00000000dea80000, 0x0000000100000000)
  eden space 123392K, 99% used [0x00000000d5e00000,0x00000000dd666668,0x00000000dd680000)
  from space 9216K, 94% used [0x00000000de180000,0x00000000de9f6918,0x00000000dea80000)
  to   space 10240K, 0% used [0x00000000dd680000,0x00000000dd680000,0x00000000de080000)
 ParOldGen       total 46080K, used 4953K [0x0000000081a00000, 0x0000000084700000, 0x00000000d5e00000)
  object space 46080K, 10% used [0x0000000081a00000,0x0000000081ed65c8,0x0000000084700000)
 Metaspace       used 33950K, capacity 35350K, committed 35456K, reserved 1079296K
  class space    used 4688K, capacity 4990K, committed 4992K, reserved 1048576K
Event: 11.407 GC heap after
Heap after GC invocations=8 (full 1):
 PSYoungGen      total 133632K, used 10224K [0x00000000d5e00000, 0x00000000e5900000, 0x0000000100000000)
  eden space 123392K, 0% used [0x00000000d5e00000,0x00000000d5e00000,0x00000000dd680000)
  from space 10240K, 99% used [0x00000000dd680000,0x00000000de07c348,0x00000000de080000)
  to   space 16384K, 0% used [0x00000000e4900000,0x00000000e4900000,0x00000000e5900000)
 ParOldGen       total 46080K, used 13640K [0x0000000081a00000, 0x0000000084700000, 0x00000000d5e00000)
  object space 46080K, 29% used [0x0000000081a00000,0x0000000082752048,0x0000000084700000)
 Metaspace       used 33950K, capacity 35350K, committed 35456K, reserved 1079296K
  class space    used 4688K, capacity 4990K, committed 4992K, reserved 1048576K
}
Event: 11.407 GC heap before
{Heap before GC invocations=9 (full 2):
 PSYoungGen      total 133632K, used 10224K [0x00000000d5e00000, 0x00000000e5900000, 0x0000000100000000)
  eden space 123392K, 0% used [0x00000000d5e00000,0x00000000d5e00000,0x00000000dd680000)
  from space 10240K, 99% used [0x00000000dd680000,0x00000000de07c348,0x00000000de080000)
  to   space 16384K, 0% used [0x00000000e4900000,0x00000000e4900000,0x00000000e5900000)
 ParOldGen       total 46080K, used 13640K [0x0000000081a00000, 0x0000000084700000, 0x00000000d5e00000)
  object space 46080K, 29% used [0x0000000081a00000,0x0000000082752048,0x0000000084700000)
 Metaspace       used 33950K, capacity 35350K, committed 35456K, reserved 1079296K
  class space    used 4688K, capacity 4990K, committed 4992K, reserved 1048576K
Event: 11.550 GC heap after
Heap after GC invocations=9 (full 2):
 PSYoungGen      total 133632K, used 0K [0x00000000d5e00000, 0x00000000e5900000, 0x0000000100000000)
  eden space 123392K, 0% used [0x00000000d5e00000,0x00000000d5e00000,0x00000000dd680000)
  from space 10240K, 0% used [0x00000000dd680000,0x00000000dd680000,0x00000000de080000)
  to   space 16384K, 0% used [0x00000000e4900000,0x00000000e4900000,0x00000000e5900000)
 ParOldGen       total 78336K, used 23071K [0x0000000081a00000, 0x0000000086680000, 0x00000000d5e00000)
  object space 78336K, 29% used [0x0000000081a00000,0x0000000083087c38,0x0000000086680000)
 Metaspace       used 33950K, capacity 35350K, committed 35456K, reserved 1079296K
  class space    used 4688K, capacity 4990K, committed 4992K, reserved 1048576K
}
Event: 155.745 GC heap before
{Heap before GC invocations=10 (full 2):
 PSYoungGen      total 133632K, used 123392K [0x00000000d5e00000, 0x00000000e5900000, 0x0000000100000000)
  eden space 123392K, 100% used [0x00000000d5e00000,0x00000000dd680000,0x00000000dd680000)
  from space 10240K, 0% used [0x00000000dd680000,0x00000000dd680000,0x00000000de080000)
  to   space 16384K, 0% used [0x00000000e4900000,0x00000000e4900000,0x00000000e5900000)
 ParOldGen       total 78336K, used 23071K [0x0000000081a00000, 0x0000000086680000, 0x00000000d5e00000)
  object space 78336K, 29% used [0x0000000081a00000,0x0000000083087c38,0x0000000086680000)
 Metaspace       used 44724K, capacity 46768K, committed 47104K, reserved 1089536K
  class space    used 6147K, capacity 6545K, committed 6656K, reserved 1048576K
Event: 155.763 GC heap after
Heap after GC invocations=10 (full 2):
 PSYoungGen      total 219648K, used 14093K [0x00000000d5e00000, 0x00000000e5700000, 0x0000000100000000)
  eden space 205312K, 0% used [0x00000000d5e00000,0x00000000d5e00000,0x00000000e2680000)
  from space 14336K, 98% used [0x00000000e4900000,0x00000000e56c37b8,0x00000000e5700000)
  to   space 17920K, 0% used [0x00000000e3400000,0x00000000e3400000,0x00000000e4580000)
 ParOldGen       total 78336K, used 23079K [0x0000000081a00000, 0x0000000086680000, 0x00000000d5e00000)
  object space 78336K, 29% used [0x0000000081a00000,0x0000000083089c38,0x0000000086680000)
 Metaspace       used 44724K, capacity 46768K, committed 47104K, reserved 1089536K
  class space    used 6147K, capacity 6545K, committed 6656K, reserved 1048576K
}

Deoptimization events (0 events):
No events

Classes redefined (0 events):
No events

Internal exceptions (10 events):
Event: 653.815 Thread 0x000000001d0d3000 Exception <a 'java/lang/ClassNotFoundException': javax/validation/ConstraintValidatorCustomizer> (0x00000000dd924170) thrown at [C:\re\workspace\8-2-build-windows-amd64-cygwin\jdk8u171\10807\hotspot\src\share\vm\classfile\systemDictionary.cpp, line 210]
Event: 653.816 Thread 0x000000001d0d3000 Exception <a 'java/lang/ArrayIndexOutOfBoundsException'> (0x00000000dd927de0) thrown at [C:\re\workspace\8-2-build-windows-amd64-cygwin\jdk8u171\10807\hotspot\src\share\vm\runtime\sharedRuntime.cpp, line 605]
Event: 653.816 Thread 0x000000001d0d3000 Exception <a 'java/lang/ArrayIndexOutOfBoundsException'> (0x00000000dd92a3f8) thrown at [C:\re\workspace\8-2-build-windows-amd64-cygwin\jdk8u171\10807\hotspot\src\share\vm\runtime\sharedRuntime.cpp, line 605]
Event: 653.816 Thread 0x000000001d0d3000 Exception <a 'java/lang/ArrayIndexOutOfBoundsException'> (0x00000000dd92c490) thrown at [C:\re\workspace\8-2-build-windows-amd64-cygwin\jdk8u171\10807\hotspot\src\share\vm\runtime\sharedRuntime.cpp, line 605]
Event: 653.816 Thread 0x000000001d0d3000 Exception <a 'java/lang/ArrayIndexOutOfBoundsException'> (0x00000000dd92e528) thrown at [C:\re\workspace\8-2-build-windows-amd64-cygwin\jdk8u171\10807\hotspot\src\share\vm\runtime\sharedRuntime.cpp, line 605]
Event: 653.816 Thread 0x000000001d0d3000 Exception <a 'java/lang/ArrayIndexOutOfBoundsException'> (0x00000000dd931568) thrown at [C:\re\workspace\8-2-build-windows-amd64-cygwin\jdk8u171\10807\hotspot\src\share\vm\runtime\sharedRuntime.cpp, line 605]
Event: 653.816 Thread 0x000000001d0d3000 Exception <a 'java/lang/ArrayIndexOutOfBoundsException'> (0x00000000dd934258) thrown at [C:\re\workspace\8-2-build-windows-amd64-cygwin\jdk8u171\10807\hotspot\src\share\vm\runtime\sharedRuntime.cpp, line 605]
Event: 653.816 Thread 0x000000001d0d3000 Exception <a 'java/lang/ArrayIndexOutOfBoundsException'> (0x00000000dd9364b0) thrown at [C:\re\workspace\8-2-build-windows-amd64-cygwin\jdk8u171\10807\hotspot\src\share\vm\runtime\sharedRuntime.cpp, line 605]
Event: 653.896 Thread 0x000000001d0d3000 Exception <a 'java/lang/ArrayIndexOutOfBoundsException'> (0x00000000dda1bd28) thrown at [C:\re\workspace\8-2-build-windows-amd64-cygwin\jdk8u171\10807\hotspot\src\share\vm\runtime\sharedRuntime.cpp, line 605]
Event: 653.908 Thread 0x000000001d0d3000 Exception <a 'java/lang/ArrayIndexOutOfBoundsException'> (0x00000000dda1dd90) thrown at [C:\re\workspace\8-2-build-windows-amd64-cygwin\jdk8u171\10807\hotspot\src\share\vm\runtime\sharedRuntime.cpp, line 605]

Events (10 events):
Event: 653.943 Thread 0x000000001d0d3000 DEOPT UNPACKING pc=0x000000000a527890 sp=0x00000000215dbe80 mode 1
Event: 653.944 loading class com/fasterxml/jackson/core/util/ByteArrayBuilder
Event: 653.944 loading class com/fasterxml/jackson/core/util/ByteArrayBuilder done
Event: 653.944 Thread 0x000000001d0d3000 DEOPT PACKING pc=0x000000000a6e34c9 sp=0x00000000215dbe10
Event: 653.944 Thread 0x000000001d0d3000 DEOPT UNPACKING pc=0x000000000a527890 sp=0x00000000215dbb60 mode 1
Event: 653.944 Thread 0x000000001d0d3000 DEOPT PACKING pc=0x000000000ad82674 sp=0x00000000215dbe90
Event: 653.944 Thread 0x000000001d0d3000 DEOPT UNPACKING pc=0x000000000a527890 sp=0x00000000215dbcb0 mode 1
Event: 653.944 Thread 0x000000001d0d3000 DEOPT PACKING pc=0x000000000ad825bc sp=0x00000000215dc020
Event: 653.944 Thread 0x000000001d0d3000 DEOPT UNPACKING pc=0x000000000a527890 sp=0x00000000215dbe40 mode 1
Event: 961.169 Executing VM operation: RedefineClasses


Dynamic libraries:
0x00007ff7a2fa0000 - 0x00007ff7a2fd7000 	C:\Program Files\Java\jdk1.8.0_171\bin\javaw.exe
0x00007ffb13e50000 - 0x00007ffb14030000 	C:\Windows\SYSTEM32\ntdll.dll
0x00007ffb13650000 - 0x00007ffb136fe000 	C:\Windows\System32\KERNEL32.DLL
0x00007ffb10cc0000 - 0x00007ffb10f26000 	C:\Windows\System32\KERNELBASE.dll
0x00000000733f0000 - 0x0000000073485000 	C:\Windows\System32\SYSFER.DLL
0x00007ffb13ca0000 - 0x00007ffb13d41000 	C:\Windows\System32\ADVAPI32.dll
0x00007ffb12fe0000 - 0x00007ffb1307d000 	C:\Windows\System32\msvcrt.dll
0x00007ffb133b0000 - 0x00007ffb1340b000 	C:\Windows\System32\sechost.dll
0x00007ffb11580000 - 0x00007ffb1169f000 	C:\Windows\System32\RPCRT4.dll
0x00007ffb13080000 - 0x00007ffb1320f000 	C:\Windows\System32\USER32.dll
0x00007ffb10c00000 - 0x00007ffb10c20000 	C:\Windows\System32\win32u.dll
0x00007ffb13380000 - 0x00007ffb133a8000 	C:\Windows\System32\GDI32.dll
0x00007ffb10f30000 - 0x00007ffb110c3000 	C:\Windows\System32\gdi32full.dll
0x00007ffb10c20000 - 0x00007ffb10cbb000 	C:\Windows\System32\msvcp_win.dll
0x00007ffb10aa0000 - 0x00007ffb10b94000 	C:\Windows\System32\ucrtbase.dll
0x00007ffafb8c0000 - 0x00007ffafbb29000 	C:\Windows\WinSxS\amd64_microsoft.windows.common-controls_6595b64144ccf1df_6.0.16299.1087_none_0f9074b65a6589b7\COMCTL32.dll
0x00007ffb13990000 - 0x00007ffb13c96000 	C:\Windows\System32\combase.dll
0x00007ffb110d0000 - 0x00007ffb11142000 	C:\Windows\System32\bcryptPrimitives.dll
0x00007ffb116a0000 - 0x00007ffb116cd000 	C:\Windows\System32\IMM32.DLL
0x0000000068000000 - 0x0000000068058000 	C:\Windows\System32\QIPCAP64.dll
0x00007ffb116d0000 - 0x00007ffb12b08000 	C:\Windows\System32\SHELL32.dll
0x00007ffb10250000 - 0x00007ffb1029a000 	C:\Windows\System32\cfgmgr32.dll
0x00007ffb135a0000 - 0x00007ffb13646000 	C:\Windows\System32\shcore.dll
0x00007ffb10350000 - 0x00007ffb10a97000 	C:\Windows\System32\windows.storage.dll
0x00007ffb11470000 - 0x00007ffb114c1000 	C:\Windows\System32\shlwapi.dll
0x00007ffb101f0000 - 0x00007ffb10201000 	C:\Windows\System32\kernel.appcore.dll
0x00007ffb101a0000 - 0x00007ffb101ec000 	C:\Windows\System32\powrprof.dll
0x00007ffb10210000 - 0x00007ffb1022b000 	C:\Windows\System32\profapi.dll
0x00007ffb0f460000 - 0x00007ffb0f516000 	C:\Windows\SYSTEM32\DNSAPI.dll
0x00007ffb12b20000 - 0x00007ffb12b8c000 	C:\Windows\System32\WS2_32.dll
0x00007ffb11570000 - 0x00007ffb11578000 	C:\Windows\System32\NSI.dll
0x00007ffb0f410000 - 0x00007ffb0f449000 	C:\Windows\SYSTEM32\IPHLPAPI.DLL
0x00007ffaeedb0000 - 0x00007ffaeee1a000 	C:\Program Files\Manufacturer\Endpoint Agent\prntm64.dll
0x00007ffb11320000 - 0x00007ffb11469000 	C:\Windows\System32\ole32.dll
0x00007ffb13720000 - 0x00007ffb137e4000 	C:\Windows\System32\OLEAUT32.dll
0x00007ffb020f0000 - 0x00007ffb020fc000 	C:\Windows\SYSTEM32\Secur32.dll
0x00007ffb08e90000 - 0x00007ffb08f16000 	C:\Windows\SYSTEM32\WINSPOOL.DRV
0x00007ffafbf80000 - 0x00007ffafc06f000 	C:\Windows\SYSTEM32\MSVCR120.dll
0x00007ffafc070000 - 0x00007ffafc116000 	C:\Windows\SYSTEM32\MSVCP120.dll
0x00007ffb0fc60000 - 0x00007ffb0fc85000 	C:\Windows\SYSTEM32\bcrypt.dll
0x00007ffb100a0000 - 0x00007ffb100d0000 	C:\Windows\SYSTEM32\SSPICLI.DLL
0x0000000072190000 - 0x0000000072262000 	C:\Program Files\Java\jdk1.8.0_171\jre\bin\msvcr100.dll
0x00000000716e0000 - 0x0000000071f80000 	C:\Program Files\Java\jdk1.8.0_171\jre\bin\server\jvm.dll
0x00007ffb13e10000 - 0x00007ffb13e18000 	C:\Windows\System32\PSAPI.DLL
0x00007ffafbf70000 - 0x00007ffafbf79000 	C:\Windows\SYSTEM32\WSOCK32.dll
0x00007ffb07780000 - 0x00007ffb077a3000 	C:\Windows\SYSTEM32\WINMM.dll
0x00007ffafcc40000 - 0x00007ffafcc4a000 	C:\Windows\SYSTEM32\VERSION.dll
0x00007ffb07720000 - 0x00007ffb0774a000 	C:\Windows\SYSTEM32\WINMMBASE.dll
0x0000000072180000 - 0x000000007218f000 	C:\Program Files\Java\jdk1.8.0_171\jre\bin\verify.dll
0x0000000072150000 - 0x0000000072179000 	C:\Program Files\Java\jdk1.8.0_171\jre\bin\java.dll
0x0000000071370000 - 0x00000000713a5000 	C:\Program Files\Java\jdk1.8.0_171\jre\bin\jdwp.dll
0x0000000071360000 - 0x0000000071368000 	C:\Program Files\Java\jdk1.8.0_171\jre\bin\npt.dll
0x0000000072130000 - 0x0000000072146000 	C:\Program Files\Java\jdk1.8.0_171\jre\bin\zip.dll
0x0000000071350000 - 0x0000000071359000 	C:\Program Files\Java\jdk1.8.0_171\jre\bin\dt_socket.dll
0x00007ffaf1a70000 - 0x00007ffaf1a86000 	C:\Windows\system32\napinsp.dll
0x00007ffaf1be0000 - 0x00007ffaf1bfa000 	C:\Windows\system32\pnrpnsp.dll
0x00007ffb0b460000 - 0x00007ffb0b478000 	C:\Windows\system32\NLAapi.dll
0x00007ffb0f680000 - 0x00007ffb0f6e6000 	C:\Windows\System32\mswsock.dll
0x00007ffb07950000 - 0x00007ffb0795e000 	C:\Windows\System32\winrnr.dll
0x00007ffb074f0000 - 0x00007ffb07505000 	C:\Windows\System32\wshbth.dll
0x00007ffb07a70000 - 0x00007ffb07a91000 	C:\Windows\FireEye\NamespaceToEvents.dll
0x00007ffb0a8e0000 - 0x00007ffb0a950000 	C:\Windows\System32\fwpuclnt.dll
0x00007ffb00fc0000 - 0x00007ffb00fca000 	C:\Windows\System32\rasadhlp.dll
0x0000000071460000 - 0x000000007146d000 	C:\Program Files\Java\jdk1.8.0_171\jre\bin\management.dll
0x0000000072110000 - 0x000000007212a000 	C:\Program Files\Java\jdk1.8.0_171\jre\bin\net.dll
0x00000000720f0000 - 0x0000000072101000 	C:\Program Files\Java\jdk1.8.0_171\jre\bin\nio.dll
0x00007ffb0fe60000 - 0x00007ffb0fe77000 	C:\Windows\SYSTEM32\CRYPTSP.dll
0x00007ffb0f060000 - 0x00007ffb0f093000 	C:\Windows\system32\rsaenh.dll
0x00007ffb100d0000 - 0x00007ffb100f9000 	C:\Windows\SYSTEM32\USERENV.dll
0x00007ffb0f8a0000 - 0x00007ffb0f8ab000 	C:\Windows\SYSTEM32\CRYPTBASE.dll
0x00007ffb0b480000 - 0x00007ffb0b496000 	C:\Windows\SYSTEM32\dhcpcsvc6.DLL
0x00007ffb0ac80000 - 0x00007ffb0ac9a000 	C:\Windows\SYSTEM32\dhcpcsvc.DLL
0x00007ffb0fc90000 - 0x00007ffb0fe58000 	C:\Windows\SYSTEM32\dbghelp.dll

VM Arguments:
jvm_args: -agentlib:jdwp=transport=dt_socket,suspend=y,address=localhost:51955 -Dcom.sun.management.jmxremote -Dcom.sun.management.jmxremote.port=51953 -Dcom.sun.management.jmxremote.authenticate=false -Dcom.sun.management.jmxremote.ssl=false -Djava.rmi.server.hostname=localhost -Dspring.liveBeansView.mbeanDomain -Dspring.application.admin.enabled=true -Xverify:none -XX:TieredStopAtLevel=1 -Dfile.encoding=UTF-8 
java_command: com.hcl.summit.login.LoginApplication --spring.output.ansi.enabled=always
java_class_path (initial): C:\Program Files\Java\jdk1.8.0_171\jre\lib\resources.jar;C:\Program Files\Java\jdk1.8.0_171\jre\lib\rt.jar;C:\Program Files\Java\jdk1.8.0_171\jre\lib\jsse.jar;C:\Program Files\Java\jdk1.8.0_171\jre\lib\jce.jar;C:\Program Files\Java\jdk1.8.0_171\jre\lib\charsets.jar;C:\Program Files\Java\jdk1.8.0_171\jre\lib\jfr.jar;C:\Program Files\Java\jdk1.8.0_171\jre\lib\ext\access-bridge-64.jar;C:\Program Files\Java\jdk1.8.0_171\jre\lib\ext\cldrdata.jar;C:\Program Files\Java\jdk1.8.0_171\jre\lib\ext\dnsns.jar;C:\Program Files\Java\jdk1.8.0_171\jre\lib\ext\jaccess.jar;C:\Program Files\Java\jdk1.8.0_171\jre\lib\ext\jfxrt.jar;C:\Program Files\Java\jdk1.8.0_171\jre\lib\ext\localedata.jar;C:\Program Files\Java\jdk1.8.0_171\jre\lib\ext\nashorn.jar;C:\Program Files\Java\jdk1.8.0_171\jre\lib\ext\sunec.jar;C:\Program Files\Java\jdk1.8.0_171\jre\lib\ext\sunjce_provider.jar;C:\Program Files\Java\jdk1.8.0_171\jre\lib\ext\sunmscapi.jar;C:\Program Files\Java\jdk1.8.0_171\jre\lib\ext\sunpkcs11.jar;C:\Program Files\Java\jdk1.8.0_171\jre\lib\ext\zipfs.jar;C:\ABHIROOP\WORK\POC\summit\login-service\target\classes;C:\Users\abhiroop.g\.m2\repository\org\springframework\boot\spring-boot-starter-data-jpa\2.0.4.RELEASE\spring-boot-starter-data-jpa-2.0.4.RELEASE.jar;C:\Users\abhiroop.g\.m2\repository\org\springframework\boot\spring-boot-starter\2.0.4.RELEASE\spring-boot-starter-2.0.4.RELEASE.jar;C:\Users\abhiroop.g\.m2\repository\org\springframework\boot\spring-boot\2.0.4.RELEASE\spring-boot-2.0.4.RELEASE.jar;C:\Users\abhiroop.g\.m2\repository\org\springframework\boot\spring-boot-autoconfigure\2.0.4.RELEASE\spring-boot-autoconfigure-2.0.4.RELEASE.jar;C:\Users\abhiroop.g\.m2\repository\org\springframework\boot\spring-boot-starter-logging\2.0.4.RELEASE\spring-boot-starter-logging-2.0.4.RELEASE.jar;C:\Users\abhiroop.g\.m2\repository\ch\qos\logback\logback-classic\1.2.3\logback-classic-1.2.3.jar;C:\Users\abhiroop.g\.m2\repository\ch\qos\logback\logback-core\1.2.3\logback-core-1.
Launcher Type: SUN_STANDARD

Environment Variables:
JAVA_HOME=C:\Program Files\Java\jdk1.8.0_171
PATH=C:\Program Files\Java\jdk1.8.0_171\jre\bin;C:\Program Files (x86)\Common Files\Oracle\Java\javapath;C:\Windows\system32;C:\Windows;C:\Windows\System32\Wbem;C:\Windows\System32\WindowsPowerShell\v1.0\;C:\Windows\CCM;C:\Program Files\PuTTY\;C:\Program Files\Git\cmd;C:\Program Files\Git\mingw64\bin;C:\Program Files\Git\usr\bin;C:\Program Files\Java\jdk1.8.0_171\bin;C:\ABHIROOP\UTILITY\rhamt-cli-4.1.0.Final\bin;C:\ABHIROOP\UTILITY\consul;C:\ABHIROOP\UTILITY\jboss-eap-7.1\bin;C:\ABHIROOP\UTILITY\sts\apache-maven-3.5.4\bin;C:\ABHIROOP\UTILITY\sts\apache-maven-3.5.4\bin;C:\Program Files\nodejs\;C:\Program Files\PostgreSQL\11\bin;C:\Users\abhiroop.g\AppData\Local\Microsoft\WindowsApps;C:\Users\abhiroop.g\AppData\Roaming\npm
USERNAME=abhiroop.g
OS=Windows_NT
PROCESSOR_IDENTIFIER=Intel64 Family 6 Model 142 Stepping 9, GenuineIntel



---------------  S Y S T E M  ---------------

OS: Windows 10.0 , 64 bit Build 16299 (10.0.16299.1087)

CPU:total 4 (initial active 4) (2 cores per cpu, 2 threads per core) family 6 model 142 stepping 9, cmov, cx8, fxsr, mmx, sse, sse2, sse3, ssse3, sse4.1, sse4.2, popcnt, avx, avx2, aes, clmul, erms, 3dnowpref, lzcnt, ht, tsc, tscinvbit, bmi1, bmi2, adx

Memory: 4k page, physical 8281288k(1979944k free), swap 13262024k(4765768k free)

vm_info: Java HotSpot(TM) 64-Bit Server VM (25.171-b11) for windows-amd64 JRE (1.8.0_171-b11), built on Mar 28 2018 16:06:12 by "java_re" with MS VC++ 10.0 (VS2010)

time: Thu May 09 13:45:23 2019
elapsed time: 961 seconds (0d 0h 16m 1s)

